<?xml version="1.0" encoding="UTF-8"?>
<!-- Generated by org.testng.reporters.JUnitXMLReporter -->
<testsuite ignored="2" hostname="DESKTOP-59475VJ" failures="0" tests="1" name="Default test" time="37.803" errors="0" timestamp="2025-05-14T12:36:28 IST">
  <testcase classname="com.comcast.crm.AnnotationScripts.AssertCreateContactTest" name="createContactWithOrgTest" time="24.824"/>
  <testcase classname="com.comcast.crm.AnnotationScripts.AssertCreateContactTest" name="createContactTest" time="0.0">
    <ignored/>
  </testcase> <!-- createContactTest -->
  <testcase classname="com.comcast.crm.AnnotationScripts.AssertCreateContactTest" name="createContactwithSupportDateTest" time="0.0">
    <ignored/>
  </testcase> <!-- createContactwithSupportDateTest -->
</testsuite> <!-- Default test -->
