<?xml version="1.0" encoding="UTF-8"?>
<!-- Generated by org.testng.reporters.JUnitXMLReporter -->
<testsuite ignored="0" hostname="DESKTOP-59475VJ" failures="0" tests="2" name="Test" time="34.888" errors="0" timestamp="2025-05-13T12:51:49 IST">
  <testcase classname="com.comcast.crm.AnnotationScripts2.CreateOrgTest" name="createOrgTest" time="12.162"/>
  <testcase classname="com.comcast.crm.AnnotationScripts2.CreateOrgTest" name="createOrgwithPhoneNumberTest" time="12.138"/>
</testsuite> <!-- Test -->
